# JRE version: Java(TM) SE Runtime Environment (8.0_202-b08) (build 1.8.0_202-b08)
# Java VM: Java HotSpot(TM) 64-Bit Server VM (25.202-b08 mixed mode windows-amd64 compressed oops)
Heap:
 PSYoungGen      total 314368K, used 308917K [0x00000000e0000000, 0x00000000f6200000, 0x0000000100000000)
  eden space 284160K, 98% used [0x00000000e0000000,0x00000000f1030e18,0x00000000f1580000)
  from space 30208K, 99% used [0x00000000f3900000,0x00000000f567c860,0x00000000f5680000)
  to   space 36352K, 0% used [0x00000000f1580000,0x00000000f1580000,0x00000000f3900000)
 ParOldGen       total 262144K, used 55587K [0x00000000a0000000, 0x00000000b0000000, 0x00000000e0000000)
  object space 262144K, 21% used [0x00000000a0000000,0x00000000a3648f48,0x00000000b0000000)
 Metaspace       used 100123K, capacity 117669K, committed 117888K, reserved 1153024K
  class space    used 14064K, capacity 15137K, committed 15232K, reserved 1048576K
GC Heap History (10 events):
Event: 8.848 GC heap before
{Heap before GC invocations=10 (full 3):
 PSYoungGen      total 193024K, used 168448K [0x00000000e0000000, 0x00000000ed800000, 0x0000000100000000)
  eden space 168448K, 100% used [0x00000000e0000000,0x00000000ea480000,0x00000000ea480000)
  from space 24576K, 0% used [0x00000000ebc80000,0x00000000ebc80000,0x00000000ed480000)
  to   space 24576K, 0% used [0x00000000ea480000,0x00000000ea480000,0x00000000ebc80000)
 ParOldGen       total 184320K, used 25228K [0x00000000a0000000, 0x00000000ab400000, 0x00000000e0000000)
  object space 184320K, 13% used [0x00000000a0000000,0x00000000a18a30d8,0x00000000ab400000)
 Metaspace       used 70818K, capacity 82190K, committed 82304K, reserved 1120256K
  class space    used 10079K, capacity 10775K, committed 10880K, reserved 1048576K
Event: 8.874 GC heap after
Heap after GC invocations=10 (full 3):
 PSYoungGen      total 193024K, used 18266K [0x00000000e0000000, 0x00000000f2500000, 0x0000000100000000)
  eden space 168448K, 0% used [0x00000000e0000000,0x00000000e0000000,0x00000000ea480000)
  from space 24576K, 74% used [0x00000000ea480000,0x00000000eb656990,0x00000000ebc80000)
  to   space 26112K, 0% used [0x00000000f0b80000,0x00000000f0b80000,0x00000000f2500000)
 ParOldGen       total 184320K, used 25236K [0x00000000a0000000, 0x00000000ab400000, 0x00000000e0000000)
  object space 184320K, 13% used [0x00000000a0000000,0x00000000a18a50d8,0x00000000ab400000)
 Metaspace       used 70818K, capacity 82190K, committed 82304K, reserved 1120256K
  class space    used 10079K, capacity 10775K, committed 10880K, reserved 1048576K
}
Event: 11.511 GC heap before
{Heap before GC invocations=11 (full 3):
 PSYoungGen      total 193024K, used 186714K [0x00000000e0000000, 0x00000000f2500000, 0x0000000100000000)
  eden space 168448K, 100% used [0x00000000e0000000,0x00000000ea480000,0x00000000ea480000)
  from space 24576K, 74% used [0x00000000ea480000,0x00000000eb656990,0x00000000ebc80000)
  to   space 26112K, 0% used [0x00000000f0b80000,0x00000000f0b80000,0x00000000f2500000)
 ParOldGen       total 184320K, used 25236K [0x00000000a0000000, 0x00000000ab400000, 0x00000000e0000000)
  object space 184320K, 13% used [0x00000000a0000000,0x00000000a18a50d8,0x00000000ab400000)
 Metaspace       used 76561K, capacity 89704K, committed 89984K, reserved 1128448K
  class space    used 11100K, capacity 11869K, committed 11904K, reserved 1048576K
Event: 11.531 GC heap after
Heap after GC invocations=11 (full 3):
 PSYoungGen      total 251392K, used 13085K [0x00000000e0000000, 0x00000000f1900000, 0x0000000100000000)
  eden space 237568K, 0% used [0x00000000e0000000,0x00000000e0000000,0x00000000ee800000)
  from space 13824K, 94% used [0x00000000f0b80000,0x00000000f1847610,0x00000000f1900000)
  to   space 25088K, 0% used [0x00000000ee800000,0x00000000ee800000,0x00000000f0080000)
 ParOldGen       total 184320K, used 25324K [0x00000000a0000000, 0x00000000ab400000, 0x00000000e0000000)
  object space 184320K, 13% used [0x00000000a0000000,0x00000000a18bb0e8,0x00000000ab400000)
 Metaspace       used 76561K, capacity 89704K, committed 89984K, reserved 1128448K
  class space    used 11100K, capacity 11869K, committed 11904K, reserved 1048576K
}
Event: 13.197 GC heap before
{Heap before GC invocations=12 (full 3):
 PSYoungGen      total 251392K, used 173800K [0x00000000e0000000, 0x00000000f1900000, 0x0000000100000000)
  eden space 237568K, 67% used [0x00000000e0000000,0x00000000e9cf2ad8,0x00000000ee800000)
  from space 13824K, 94% used [0x00000000f0b80000,0x00000000f1847610,0x00000000f1900000)
  to   space 25088K, 0% used [0x00000000ee800000,0x00000000ee800000,0x00000000f0080000)
 ParOldGen       total 184320K, used 25324K [0x00000000a0000000, 0x00000000ab400000, 0x00000000e0000000)
  object space 184320K, 13% used [0x00000000a0000000,0x00000000a18bb0e8,0x00000000ab400000)
 Metaspace       used 84012K, capacity 98490K, committed 98560K, reserved 1134592K
  class space    used 12221K, capacity 13030K, committed 13056K, reserved 1048576K
Event: 13.216 GC heap after
Heap after GC invocations=12 (full 3):
 PSYoungGen      total 262656K, used 25060K [0x00000000e0000000, 0x00000000f5680000, 0x0000000100000000)
  eden space 237568K, 0% used [0x00000000e0000000,0x00000000e0000000,0x00000000ee800000)
  from space 25088K, 99% used [0x00000000ee800000,0x00000000f0079078,0x00000000f0080000)
  to   space 30208K, 0% used [0x00000000f3900000,0x00000000f3900000,0x00000000f5680000)
 ParOldGen       total 184320K, used 29042K [0x00000000a0000000, 0x00000000ab400000, 0x00000000e0000000)
  object space 184320K, 15% used [0x00000000a0000000,0x00000000a1c5c9a0,0x00000000ab400000)
 Metaspace       used 84012K, capacity 98490K, committed 98560K, reserved 1134592K
  class space    used 12221K, capacity 13030K, committed 13056K, reserved 1048576K
}
Event: 13.216 GC heap before
{Heap before GC invocations=13 (full 4):
 PSYoungGen      total 262656K, used 25060K [0x00000000e0000000, 0x00000000f5680000, 0x0000000100000000)
  eden space 237568K, 0% used [0x00000000e0000000,0x00000000e0000000,0x00000000ee800000)
  from space 25088K, 99% used [0x00000000ee800000,0x00000000f0079078,0x00000000f0080000)
  to   space 30208K, 0% used [0x00000000f3900000,0x00000000f3900000,0x00000000f5680000)
 ParOldGen       total 184320K, used 29042K [0x00000000a0000000, 0x00000000ab400000, 0x00000000e0000000)
  object space 184320K, 15% used [0x00000000a0000000,0x00000000a1c5c9a0,0x00000000ab400000)
 Metaspace       used 84012K, capacity 98490K, committed 98560K, reserved 1134592K
  class space    used 12221K, capacity 13030K, committed 13056K, reserved 1048576K
Event: 13.334 GC heap after
Heap after GC invocations=13 (full 4):
 PSYoungGen      total 262656K, used 0K [0x00000000e0000000, 0x00000000f5680000, 0x0000000100000000)
  eden space 237568K, 0% used [0x00000000e0000000,0x00000000e0000000,0x00000000ee800000)
  from space 25088K, 0% used [0x00000000ee800000,0x00000000ee800000,0x00000000f0080000)
  to   space 30208K, 0% used [0x00000000f3900000,0x00000000f3900000,0x00000000f5680000)
 ParOldGen       total 262144K, used 50663K [0x00000000a0000000, 0x00000000b0000000, 0x00000000e0000000)
  object space 262144K, 19% used [0x00000000a0000000,0x00000000a3179d08,0x00000000b0000000)
 Metaspace       used 83427K, capacity 97284K, committed 98560K, reserved 1134592K
  class space    used 12024K, capacity 12813K, committed 13056K, reserved 1048576K
}
Event: 16.644 GC heap before
{Heap before GC invocations=14 (full 4):
 PSYoungGen      total 262656K, used 237568K [0x00000000e0000000, 0x00000000f5680000, 0x0000000100000000)
  eden space 237568K, 100% used [0x00000000e0000000,0x00000000ee800000,0x00000000ee800000)
  from space 25088K, 0% used [0x00000000ee800000,0x00000000ee800000,0x00000000f0080000)
  to   space 30208K, 0% used [0x00000000f3900000,0x00000000f3900000,0x00000000f5680000)
 ParOldGen       total 262144K, used 50663K [0x00000000a0000000, 0x00000000b0000000, 0x00000000e0000000)
  object space 262144K, 19% used [0x00000000a0000000,0x00000000a3179d08,0x00000000b0000000)
 Metaspace       used 93056K, capacity 108917K, committed 109184K, reserved 1144832K
  class space    used 13207K, capacity 14121K, committed 14208K, reserved 1048576K
Event: 16.671 GC heap after
Heap after GC invocations=14 (full 4):
 PSYoungGen      total 314368K, used 30194K [0x00000000e0000000, 0x00000000f6200000, 0x0000000100000000)
  eden space 284160K, 0% used [0x00000000e0000000,0x00000000e0000000,0x00000000f1580000)
  from space 30208K, 99% used [0x00000000f3900000,0x00000000f567c860,0x00000000f5680000)
  to   space 36352K, 0% used [0x00000000f1580000,0x00000000f1580000,0x00000000f3900000)
 ParOldGen       total 262144K, used 55587K [0x00000000a0000000, 0x00000000b0000000, 0x00000000e0000000)
  object space 262144K, 21% used [0x00000000a0000000,0x00000000a3648f48,0x00000000b0000000)
 Metaspace       used 93056K, capacity 108917K, committed 109184K, reserved 1144832K
  class space    used 13207K, capacity 14121K, committed 14208K, reserved 1048576K
}

